<?xml version="1.0" encoding="UTF-8" standalone="no"?>
  <!--

    Copyright 2010 OpenEngSB Division, Vienna University of Technology Licensed under the Apache License, Version 2.0
    (the "License"); you may not use this file except in compliance with the License. You may obtain a copy of the
    License at http://www.apache.org/licenses/LICENSE-2.0 Unless required by applicable law or agreed to in writing,
    software distributed under the License is distributed on an "AS IS" BASIS, WITHOUT WARRANTIES OR CONDITIONS OF ANY
    KIND, either express or implied. See the License for the specific language governing permissions and limitations
    under the License.
  -->
<beans xmlns="http://www.springframework.org/schema/beans" xmlns:drools="http://www.openengsb.org/domain/drools/1.0"
  xmlns:sm="http://servicemix.apache.org/config/1.0" xmlns:logging="urn:openengsb:logging" xmlns:test="urn:test"
  xmlns:xsi="http://www.w3.org/2001/XMLSchema-instance"
  xsi:schemaLocation="http://www.springframework.org/schema/beans http://www.springframework.org/schema/beans/spring-beans-2.5.xsd">

  <bean id="email" class="java.lang.String">
    <constructor-arg value="azugem@gmail.com" />
  </bean>
  <bean id="password" class="java.lang.String">
    <constructor-arg value="password?" />
  </bean>
  <bean id="API_KEY" class="java.lang.String">
    <constructor-arg value="87e992543f887369febb9d056c14f145" />
  </bean>
  <bean id="SECRET" class="java.lang.String">
    <constructor-arg value="43438a4fed1b5fed6f7bf6f1c3e5f87f" />
  </bean>

  <bean id="FacebookConnectorImpl" class="org.openengsb.facebook.common.FacebookConnectorImpl" >
    <constructor-arg index="0" ref="email" />
    <constructor-arg index="1" ref="password" />
    <constructor-arg index="2" ref="API_KEY" />
    <constructor-arg index="3" ref="SECRET" />
  </bean>


    <bean id="facebookNotifier" class="org.openengsb.facebook.FacebookNotifier">
        <property name="facebookConenctor" ref="FacebookConnectorImpl"/>
    </bean>

</beans>
